<?xml version="1.0" encoding="UTF-8"?>
<testsuite name="com.warehouse.api.ApplicationTests" tests="1" skipped="0" failures="0" errors="0" timestamp="2025-02-17T14:43:54" hostname="warehouse-server" time="0.039">
  <properties/>
  <testcase name="contextLoads()" classname="com.warehouse.api.ApplicationTests" time="0.039"/>
  <system-out><![CDATA[]]></system-out>
  <system-err><![CDATA[]]></system-err>
</testsuite>
